<?xml version="1.0" encoding="UTF-8"?>
<testng-results ignored="0" total="4" passed="4" failed="0" skipped="0">
  <reporter-output>
  </reporter-output>
  <suite started-at="2024-02-25T23:00:24 IST" name="Default suite" finished-at="2024-02-25T23:00:28 IST" duration-ms="3211">
    <groups>
    </groups>
    <test started-at="2024-02-25T23:00:24 IST" name="Default test" finished-at="2024-02-25T23:00:28 IST" duration-ms="3211">
      <class name="restapi1.HTTPRequests1">
        <test-method signature="createUser()[pri:1, instance:restapi1.HTTPRequests1@437da279]" started-at="2024-02-25T23:00:24 IST" name="createUser" finished-at="2024-02-25T23:00:27 IST" duration-ms="2289" status="PASS">
          <reporter-output>
          </reporter-output>
        </test-method> <!-- createUser -->
        <test-method signature="updateUser()[pri:3, instance:restapi1.HTTPRequests1@437da279]" started-at="2024-02-25T23:00:27 IST" name="updateUser" finished-at="2024-02-25T23:00:27 IST" depends-on-methods="restapi1.HTTPRequests1.createUser" duration-ms="410" status="PASS">
          <reporter-output>
          </reporter-output>
        </test-method> <!-- updateUser -->
        <test-method signature="getAllUsers()[pri:4, instance:restapi1.HTTPRequests1@437da279]" started-at="2024-02-25T23:00:27 IST" name="getAllUsers" finished-at="2024-02-25T23:00:27 IST" duration-ms="118" status="PASS">
          <reporter-output>
          </reporter-output>
        </test-method> <!-- getAllUsers -->
        <test-method signature="deleteUser()[pri:5, instance:restapi1.HTTPRequests1@437da279]" started-at="2024-02-25T23:00:27 IST" name="deleteUser" finished-at="2024-02-25T23:00:28 IST" duration-ms="351" status="PASS">
          <reporter-output>
          </reporter-output>
        </test-method> <!-- deleteUser -->
      </class> <!-- restapi1.HTTPRequests1 -->
    </test> <!-- Default test -->
  </suite> <!-- Default suite -->
</testng-results>
