<?xml version="1.0" encoding="UTF-8"?>
<!-- Generated by org.testng.reporters.JUnitXMLReporter -->
<testsuite ignored="0" hostname="DESKTOP-1B0JSGH" failures="0" tests="4" name="Default test" time="3.211" errors="0" timestamp="2024-02-25T23:00:28 IST">
  <testcase classname="restapi1.HTTPRequests1" name="createUser" time="2.289"/>
  <testcase classname="restapi1.HTTPRequests1" name="updateUser" time="0.41"/>
  <testcase classname="restapi1.HTTPRequests1" name="getAllUsers" time="0.118"/>
  <testcase classname="restapi1.HTTPRequests1" name="deleteUser" time="0.351"/>
</testsuite> <!-- Default test -->
